<?xml version="1.0" encoding="UTF-8"?>
<testsuite xmlns:xsi="http://www.w3.org/2001/XMLSchema-instance" xsi:noNamespaceSchemaLocation="https://maven.apache.org/surefire/maven-surefire-plugin/xsd/surefire-test-report-3.0.xsd" version="3.0" name="com.example.VarianTech.VarianTechApplicationTests" time="22.164" tests="1" errors="0" skipped="0" failures="0">
  <properties>
[...]
</properties>
  <testcase name="contextLoads" classname="com.example.VarianTech.VarianTechApplicationTests" time="10.814">
    <system-out><![CDATA[14:02:43.810 [main] INFO org.springframework.test.context.support.AnnotationConfigContextLoaderUtils -- Could not detect default configuration classes for test class [com.example.VarianTech.VarianTechApplicationTests]: VarianTechApplicationTests does not declare any static, non-private, non-final, nested classes annotated with @Configuration.
14:02:44.891 [main] INFO org.springframework.boot.test.context.SpringBootTestContextBootstrapper -- Found @SpringBootConfiguration com.example.VarianTech.VarianTechApplication for test class com.example.VarianTech.VarianTechApplicationTests
14:02:46.420 [main] INFO org.springframework.boot.devtools.restart.RestartApplicationListener -- Restart disabled due to context in which it is running

  .   ____          _            __ _ _
 /\\ / ___'_ __ _ _(_)_ __  __ _ \ \ \ \
( ( )\___ | '_ | '_| | '_ \/ _` | \ \ \ \
 \\/  ___)| |_)| | | | | || (_| |  ) ) ) )
  '  |____| .__|_| |_|_| |_\__, | / / / /
 =========|_|==============|___/=/_/_/_/
 :: Spring Boot ::                (v3.2.5)

2024-05-31T14:02:48.239-03:00  INFO 8136 --- [VarianTech] [           main] c.e.V.VarianTechApplicationTests         : Starting VarianTechApplicationTests using Java 21.0.1 with PID 8136 (started by adali in D:\Sistema_De_Vendas_Online\Gestão-de-vendas-online\Sistema-Altomatização\VarianTech)
2024-05-31T14:02:48.243-03:00  INFO 8136 --- [VarianTech] [           main] c.e.V.VarianTechApplicationTests         : No active profile set, falling back to 1 default profile: "default"
2024-05-31T14:02:53.561-03:00  INFO 8136 --- [VarianTech] [           main] c.e.V.VarianTechApplicationTests         : Started VarianTechApplicationTests in 7.209 seconds (process running for 15.582)
]]></system-out>
    <system-err><![CDATA[WARNING: A Java agent has been loaded dynamically (C:\Users\adali\.m2\repository\net\bytebuddy\byte-buddy-agent\1.14.13\byte-buddy-agent-1.14.13.jar)
WARNING: If a serviceability tool is in use, please run with -XX:+EnableDynamicAgentLoading to hide this warning
WARNING: If a serviceability tool is not in use, please run with -Djdk.instrument.traceUsage for more information
WARNING: Dynamic loading of agents will be disallowed by default in a future release
]]></system-err>
  </testcase>
</testsuite>